[debug] [2022-11-17T14:17:25.267Z] ----------------------------------------------------------------------
[debug] [2022-11-17T14:17:25.269Z] Command:       C:\Program Files\nodejs\node.exe C:\Users\piyus\AppData\Roaming\npm\node_modules\firebase-tools\lib\bin\firebase.js init
[debug] [2022-11-17T14:17:25.270Z] CLI Version:   11.16.1
[debug] [2022-11-17T14:17:25.270Z] Platform:      win32
[debug] [2022-11-17T14:17:25.270Z] Node Version:  v18.7.0
[debug] [2022-11-17T14:17:25.271Z] Time:          Thu Nov 17 2022 19:47:25 GMT+0530 (India Standard Time)
[debug] [2022-11-17T14:17:25.272Z] ----------------------------------------------------------------------
[debug] 
[debug] [2022-11-17T14:17:25.282Z] > command requires scopes: ["email","openid","https://www.googleapis.com/auth/cloudplatformprojects.readonly","https://www.googleapis.com/auth/firebase","https://www.googleapis.com/auth/cloud-platform"]
[debug] [2022-11-17T14:17:25.282Z] > authorizing via signed-in user (piyushcodes07@gmail.com)
[info] 
     ######## #### ########  ######## ########     ###     ######  ########
     ##        ##  ##     ## ##       ##     ##  ##   ##  ##       ##
     ######    ##  ########  ######   ########  #########  ######  ######
     ##        ##  ##    ##  ##       ##     ## ##     ##       ## ##
     ##       #### ##     ## ######## ########  ##     ##  ######  ########

You're about to initialize a Firebase project in this directory:

  C:\edit2\www.iitb.ac.in

Before we get started, keep in mind:

  * You are currently outside your home directory

